<?xml version="1.0" encoding="UTF-8"?>
<testng-results skipped="0" failed="0" total="2" passed="2">
  <reporter-output>
  </reporter-output>
  <suite name="Suite" duration-ms="42782" started-at="2016-12-31T06:29:41Z" finished-at="2016-12-31T06:30:24Z">
    <groups>
    </groups>
    <test name="Test" duration-ms="42782" started-at="2016-12-31T06:29:41Z" finished-at="2016-12-31T06:30:24Z">
      <class name="demojenkins.TestJenkins">
        <test-method status="PASS" signature="JenkinsDemo()[pri:0, instance:demojenkins.TestJenkins@256216b3]" name="JenkinsDemo" duration-ms="42751" started-at="2016-12-31T11:59:42Z" finished-at="2016-12-31T12:00:24Z">
          <reporter-output>
          </reporter-output>
        </test-method> <!-- JenkinsDemo -->
        <test-method status="PASS" signature="JenkinsDemo1()[pri:0, instance:demojenkins.TestJenkins@256216b3]" name="JenkinsDemo1" duration-ms="0" started-at="2016-12-31T12:00:24Z" finished-at="2016-12-31T12:00:24Z">
          <reporter-output>
          </reporter-output>
        </test-method> <!-- JenkinsDemo1 -->
      </class> <!-- demojenkins.TestJenkins -->
    </test> <!-- Test -->
  </suite> <!-- Suite -->
</testng-results>
